<?xml version="1.0" encoding="UTF-8"?>
<!-- Generated by org.testng.reporters.JUnitXMLReporter -->
<testsuite ignored="0" hostname="ineicp-as-151" failures="0" tests="4" name="Test" time="0.031" errors="0" timestamp="2021-07-12T09:19:27 IST">
  <testcase classname="QaClickAcademy.MavenJava.AppiumTest" name="IOSApp" time="0.003"/>
  <testcase classname="QaClickAcademy.MavenJava.AppiumTest" name="NativeAndroid" time="0.0"/>
  <testcase classname="QaClickAcademy.MavenJava.RestAPITest" name="DeleteTwitter" time="0.0"/>
  <testcase classname="QaClickAcademy.MavenJava.RestAPITest" name="PostJira" time="0.0"/>
</testsuite> <!-- Test -->
