<?xml version="1.0" encoding="UTF-8"?>
<testng-results ignored="0" total="4" passed="4" failed="0" skipped="0">
  <reporter-output>
  </reporter-output>
  <suite started-at="2021-07-12T09:19:27 IST" name="Suite" finished-at="2021-07-12T09:19:27 IST" duration-ms="31">
    <groups>
    </groups>
    <test started-at="2021-07-12T09:19:27 IST" name="Test" finished-at="2021-07-12T09:19:27 IST" duration-ms="31">
      <class name="QaClickAcademy.MavenJava.AppiumTest">
        <test-method signature="IOSApp()[pri:0, instance:QaClickAcademy.MavenJava.AppiumTest@37858383]" started-at="2021-07-12T09:19:27 IST" name="IOSApp" finished-at="2021-07-12T09:19:27 IST" duration-ms="3" status="PASS">
          <reporter-output>
          </reporter-output>
        </test-method> <!-- IOSApp -->
        <test-method signature="NativeAndroid()[pri:0, instance:QaClickAcademy.MavenJava.AppiumTest@37858383]" started-at="2021-07-12T09:19:27 IST" name="NativeAndroid" finished-at="2021-07-12T09:19:27 IST" duration-ms="0" status="PASS">
          <reporter-output>
          </reporter-output>
        </test-method> <!-- NativeAndroid -->
      </class> <!-- QaClickAcademy.MavenJava.AppiumTest -->
      <class name="QaClickAcademy.MavenJava.RestAPITest">
        <test-method signature="DeleteTwitter()[pri:0, instance:QaClickAcademy.MavenJava.RestAPITest@4cc8eb05]" started-at="2021-07-12T09:19:27 IST" name="DeleteTwitter" finished-at="2021-07-12T09:19:27 IST" duration-ms="0" status="PASS">
          <reporter-output>
          </reporter-output>
        </test-method> <!-- DeleteTwitter -->
        <test-method signature="PostJira()[pri:0, instance:QaClickAcademy.MavenJava.RestAPITest@4cc8eb05]" started-at="2021-07-12T09:19:27 IST" name="PostJira" finished-at="2021-07-12T09:19:27 IST" duration-ms="0" status="PASS">
          <reporter-output>
          </reporter-output>
        </test-method> <!-- PostJira -->
      </class> <!-- QaClickAcademy.MavenJava.RestAPITest -->
    </test> <!-- Test -->
  </suite> <!-- Suite -->
</testng-results>
