<?xml version="1.0" encoding="UTF-8"?>
<testng-results ignored="0" total="2" passed="2" failed="0" skipped="0">
  <reporter-output>
  </reporter-output>
  <suite started-at="2021-07-11T23:47:04 IST" name="Default suite" finished-at="2021-07-11T23:47:04 IST" duration-ms="37">
    <groups>
    </groups>
    <test started-at="2021-07-11T23:47:04 IST" name="Default test" finished-at="2021-07-11T23:47:04 IST" duration-ms="37">
      <class name="QaClickAcademy.MavenJava.RestAPITest">
        <test-method signature="DeleteTwitter()[pri:0, instance:QaClickAcademy.MavenJava.RestAPITest@cad498c]" started-at="2021-07-11T23:47:04 IST" name="DeleteTwitter" finished-at="2021-07-11T23:47:04 IST" duration-ms="7" status="PASS">
          <reporter-output>
          </reporter-output>
        </test-method> <!-- DeleteTwitter -->
        <test-method signature="PostJira()[pri:0, instance:QaClickAcademy.MavenJava.RestAPITest@cad498c]" started-at="2021-07-11T23:47:04 IST" name="PostJira" finished-at="2021-07-11T23:47:04 IST" duration-ms="1" status="PASS">
          <reporter-output>
          </reporter-output>
        </test-method> <!-- PostJira -->
      </class> <!-- QaClickAcademy.MavenJava.RestAPITest -->
    </test> <!-- Default test -->
  </suite> <!-- Default suite -->
</testng-results>
